<?xml version="1.0" encoding="UTF-8"?>
<!-- Generated by org.testng.reporters.JUnitReportReporter -->
<testsuite skipped="0" hostname="WL-759Y8C3" name="com.boostjava.training.Exercise2_17" tests="1" failures="0" timestamp="2022-11-08T21:18:34 CET" time="0.007" errors="0">
  <testcase name="Exercise2_17" time="0.007" classname="com.boostjava.training.Exercise2_17"/>
  <system-out/>
</testsuite> <!-- com.boostjava.training.Exercise2_17 -->
